<?xml version="1.0" encoding="UTF-8"?>
<!-- Generated by org.testng.reporters.JUnitReportReporter -->
<testsuite hostname="VDC1ITWB200118" failures="0" tests="1" name="lambdatest.practice.TestScenario1_CHROME" time="5.062" errors="0" timestamp="2023-05-29T16:41:36 IST" skipped="0">
  <testcase classname="lambdatest.practice.TestScenario1_CHROME" name="myTest" time="5.062"/>
  <system-out/>
</testsuite> <!-- lambdatest.practice.TestScenario1_CHROME -->
