<?xml version="1.0" encoding="UTF-8"?>
<!-- Generated by org.testng.reporters.JUnitReportReporter -->
<testsuite hostname="VDC1ITWB200118" failures="0" tests="1" name="lambdatest.practice.TestScenario2_Edge" time="7.649" errors="0" timestamp="2023-05-29T16:42:08 IST" skipped="0">
  <testcase classname="lambdatest.practice.TestScenario2_Edge" name="myTest" time="7.649"/>
  <system-out/>
</testsuite> <!-- lambdatest.practice.TestScenario2_Edge -->
